[2025-12-11 11:52:26] Starting page count...
[2025-12-11 11:52:26] 📂 Pasta raiz configurada para contagem: G:/My Drive/XABLAU/
[2025-12-11 11:52:26] 📁 Pastas detectadas para contagem: 8
[2025-12-11 11:52:26] 🔎 Iniciando contagem da pasta: 3.BRUNO (G:/My Drive/XABLAU/3.BRUNO)
[2025-12-11 11:52:26] 🔎 Iniciando contagem da pasta: 1.LEIANES (G:/My Drive/XABLAU/1.LEIANES)
[2025-12-11 11:52:26] 🔎 Iniciando contagem da pasta: 2.EROS (G:/My Drive/XABLAU/2.EROS)
[2025-12-11 11:52:26] 🔎 Iniciando contagem da pasta: 4.MAYA (G:/My Drive/XABLAU/4.MAYA)
[2025-12-11 11:52:26] 🔎 Iniciando contagem da pasta: 5.CUSH (G:/My Drive/XABLAU/5.CUSH)
[2025-12-11 11:52:26] 🔎 Iniciando contagem da pasta: 6.ELIS (G:/My Drive/XABLAU/6.ELIS)
[2025-12-11 11:52:26] 🔎 Iniciando contagem da pasta: 8.teste (G:/My Drive/XABLAU/8.teste)
[2025-12-11 11:52:26] ✅ Contagem concluída: 2.EROS -> 0 páginas
[2025-12-11 11:52:26] ✅ Contagem concluída: 4.MAYA -> 0 páginas
[2025-12-11 11:52:26] ✅ Contagem concluída: 1.LEIANES -> 0 páginas
[2025-12-11 11:52:26] ✅ Contagem concluída: 6.ELIS -> 0 páginas
[2025-12-11 11:52:27] ✅ Contagem concluída: 8.teste -> 22 páginas
[2025-12-11 11:52:28] ✅ Contagem concluída: 5.CUSH -> 1059 páginas
[2025-12-11 11:52:28] ✅ Contagem concluída: 3.BRUNO -> 1291 páginas
[2025-12-11 11:52:28] 🔎 Iniciando contagem da pasta VICTORIA: 7.VICTORIA/1.RENOMEANDO (G:/My Drive/XABLAU/7.VICTORIA\1.RENOMEANDO)
[2025-12-11 11:52:28] 🔎 Iniciando contagem da pasta VICTORIA: 7.VICTORIA/2.RENOMEADOS (G:/My Drive/XABLAU/7.VICTORIA\2.RENOMEADOS)
[2025-12-11 11:52:28] ✅ Contagem VICTORIA concluída: 7.VICTORIA/1.RENOMEANDO -> 0 páginas
[2025-12-11 11:52:28] ✅ Contagem VICTORIA concluída: 7.VICTORIA/2.RENOMEADOS -> 0 páginas
[2025-12-11 11:52:28] ✅ Mensagem liberada para envio: Message differs and cooldown passed
[2025-12-11 11:52:28] 📨 Destino WhatsApp: tipo=group alvo=XABLAU UPDATES
[2025-12-11 11:52:28] Enviando resultados para WhatsApp...
[2025-12-11 11:52:28] ℹ️ Tamanho da mensagem: 481 caracteres
[2025-12-11 11:52:52] Message sent successfully to WhatsApp!
[2025-12-11 11:52:52] ℹ️ Saída do envio: WhatsApp connected!
Sending message to group: XABLAU UPDATES
Message sent successfully!
[2025-12-11 11:54:30] Starting page count...
[2025-12-11 11:54:30] 📂 Pasta raiz configurada para contagem: G:/My Drive/XABLAU/
[2025-12-11 11:54:30] 📁 Pastas detectadas para contagem: 8
[2025-12-11 11:54:30] 🔎 Iniciando contagem da pasta: 3.BRUNO (G:/My Drive/XABLAU/3.BRUNO)
[2025-12-11 11:54:30] 🔎 Iniciando contagem da pasta: 1.LEIANES (G:/My Drive/XABLAU/1.LEIANES)
[2025-12-11 11:54:30] 🔎 Iniciando contagem da pasta: 2.EROS (G:/My Drive/XABLAU/2.EROS)
[2025-12-11 11:54:30] 🔎 Iniciando contagem da pasta: 4.MAYA (G:/My Drive/XABLAU/4.MAYA)
[2025-12-11 11:54:30] 🔎 Iniciando contagem da pasta: 5.CUSH (G:/My Drive/XABLAU/5.CUSH)
[2025-12-11 11:54:30] 🔎 Iniciando contagem da pasta: 6.ELIS (G:/My Drive/XABLAU/6.ELIS)
[2025-12-11 11:54:30] 🔎 Iniciando contagem da pasta: 8.teste (G:/My Drive/XABLAU/8.teste)
[2025-12-11 11:54:30] ✅ Contagem concluída: 2.EROS -> 0 páginas
[2025-12-11 11:54:30] ✅ Contagem concluída: 1.LEIANES -> 0 páginas
[2025-12-11 11:54:30] ✅ Contagem concluída: 4.MAYA -> 0 páginas
[2025-12-11 11:54:30] ✅ Contagem concluída: 6.ELIS -> 0 páginas
[2025-12-11 11:54:30] ✅ Contagem concluída: 8.teste -> 22 páginas
[2025-12-11 11:54:31] ✅ Contagem concluída: 5.CUSH -> 1059 páginas
[2025-12-11 11:54:31] ✅ Contagem concluída: 3.BRUNO -> 1291 páginas
[2025-12-11 11:54:31] 🔎 Iniciando contagem da pasta VICTORIA: 7.VICTORIA/1.RENOMEANDO (G:/My Drive/XABLAU/7.VICTORIA\1.RENOMEANDO)
[2025-12-11 11:54:31] 🔎 Iniciando contagem da pasta VICTORIA: 7.VICTORIA/2.RENOMEADOS (G:/My Drive/XABLAU/7.VICTORIA\2.RENOMEADOS)
[2025-12-11 11:54:31] ✅ Contagem VICTORIA concluída: 7.VICTORIA/1.RENOMEANDO -> 0 páginas
[2025-12-11 11:54:31] ✅ Contagem VICTORIA concluída: 7.VICTORIA/2.RENOMEADOS -> 0 páginas
[2025-12-11 11:54:50] Starting page count...
[2025-12-11 11:54:50] 📂 Pasta raiz configurada para contagem: G:/My Drive/XABLAU/
[2025-12-11 11:54:50] 📁 Pastas detectadas para contagem: 8
[2025-12-11 11:54:50] 🔎 Iniciando contagem da pasta: 3.BRUNO (G:/My Drive/XABLAU/3.BRUNO)
[2025-12-11 11:54:51] 🔎 Iniciando contagem da pasta: 1.LEIANES (G:/My Drive/XABLAU/1.LEIANES)
[2025-12-11 11:54:51] 🔎 Iniciando contagem da pasta: 2.EROS (G:/My Drive/XABLAU/2.EROS)
[2025-12-11 11:54:51] 🔎 Iniciando contagem da pasta: 4.MAYA (G:/My Drive/XABLAU/4.MAYA)
[2025-12-11 11:54:51] 🔎 Iniciando contagem da pasta: 5.CUSH (G:/My Drive/XABLAU/5.CUSH)
[2025-12-11 11:54:51] 🔎 Iniciando contagem da pasta: 6.ELIS (G:/My Drive/XABLAU/6.ELIS)
[2025-12-11 11:54:51] 🔎 Iniciando contagem da pasta: 8.teste (G:/My Drive/XABLAU/8.teste)
[2025-12-11 11:54:51] ✅ Contagem concluída: 1.LEIANES -> 0 páginas
[2025-12-11 11:54:51] ✅ Contagem concluída: 4.MAYA -> 0 páginas
[2025-12-11 11:54:51] ✅ Contagem concluída: 2.EROS -> 0 páginas
[2025-12-11 11:54:51] ✅ Contagem concluída: 6.ELIS -> 0 páginas
[2025-12-11 11:54:51] ✅ Contagem concluída: 8.teste -> 11 páginas
[2025-12-11 11:54:52] ✅ Contagem concluída: 5.CUSH -> 1059 páginas
[2025-12-11 11:54:52] ✅ Contagem concluída: 3.BRUNO -> 1291 páginas
[2025-12-11 11:54:52] 🔎 Iniciando contagem da pasta VICTORIA: 7.VICTORIA/1.RENOMEANDO (G:/My Drive/XABLAU/7.VICTORIA\1.RENOMEANDO)
[2025-12-11 11:54:52] 🔎 Iniciando contagem da pasta VICTORIA: 7.VICTORIA/2.RENOMEADOS (G:/My Drive/XABLAU/7.VICTORIA\2.RENOMEADOS)
[2025-12-11 11:54:52] ✅ Contagem VICTORIA concluída: 7.VICTORIA/1.RENOMEANDO -> 0 páginas
[2025-12-11 11:54:52] ✅ Contagem VICTORIA concluída: 7.VICTORIA/2.RENOMEADOS -> 0 páginas
[2025-12-11 11:54:52] ✅ Mensagem liberada para envio: Message differs and cooldown passed
[2025-12-11 11:54:52] 📨 Destino WhatsApp: tipo=group alvo=XABLAU UPDATES
[2025-12-11 11:54:52] Enviando resultados para WhatsApp...
[2025-12-11 11:54:52] ℹ️ Tamanho da mensagem: 481 caracteres
[2025-12-11 11:54:59] Message sent successfully to WhatsApp!
[2025-12-11 11:54:59] ℹ️ Saída do envio: WhatsApp connected!
Sending message to group: XABLAU UPDATES
Message sent successfully!
[2025-12-11 11:56:47] Starting page count...
[2025-12-11 11:56:47] 📂 Pasta raiz configurada para contagem: G:/My Drive/XABLAU/
[2025-12-11 11:56:47] 📁 Pastas detectadas para contagem: 8
[2025-12-11 11:56:47] 🔎 Iniciando contagem da pasta: 3.BRUNO (G:/My Drive/XABLAU/3.BRUNO)
[2025-12-11 11:56:47] 🔎 Iniciando contagem da pasta: 1.LEIANES (G:/My Drive/XABLAU/1.LEIANES)
[2025-12-11 11:56:47] 🔎 Iniciando contagem da pasta: 2.EROS (G:/My Drive/XABLAU/2.EROS)
[2025-12-11 11:56:47] 🔎 Iniciando contagem da pasta: 4.MAYA (G:/My Drive/XABLAU/4.MAYA)
[2025-12-11 11:56:47] 🔎 Iniciando contagem da pasta: 5.CUSH (G:/My Drive/XABLAU/5.CUSH)
[2025-12-11 11:56:47] 🔎 Iniciando contagem da pasta: 6.ELIS (G:/My Drive/XABLAU/6.ELIS)
[2025-12-11 11:56:47] 🔎 Iniciando contagem da pasta: 8.teste (G:/My Drive/XABLAU/8.teste)
[2025-12-11 11:56:47] ✅ Contagem concluída: 4.MAYA -> 0 páginas
[2025-12-11 11:56:47] ✅ Contagem concluída: 1.LEIANES -> 0 páginas
[2025-12-11 11:56:47] ✅ Contagem concluída: 2.EROS -> 0 páginas
[2025-12-11 11:56:47] ✅ Contagem concluída: 6.ELIS -> 0 páginas
[2025-12-11 11:56:47] ✅ Contagem concluída: 8.teste -> 11 páginas
[2025-12-11 11:56:48] ✅ Contagem concluída: 5.CUSH -> 1059 páginas
[2025-12-11 11:56:48] ✅ Contagem concluída: 3.BRUNO -> 1291 páginas
[2025-12-11 11:56:48] 🔎 Iniciando contagem da pasta VICTORIA: 7.VICTORIA/1.RENOMEANDO (G:/My Drive/XABLAU/7.VICTORIA\1.RENOMEANDO)
[2025-12-11 11:56:48] 🔎 Iniciando contagem da pasta VICTORIA: 7.VICTORIA/2.RENOMEADOS (G:/My Drive/XABLAU/7.VICTORIA\2.RENOMEADOS)
[2025-12-11 11:56:48] ✅ Contagem VICTORIA concluída: 7.VICTORIA/1.RENOMEANDO -> 0 páginas
[2025-12-11 11:56:48] ✅ Contagem VICTORIA concluída: 7.VICTORIA/2.RENOMEADOS -> 0 páginas
[2025-12-11 12:03:35] Starting page count...
[2025-12-11 12:03:35] 📂 Pasta raiz configurada para contagem: G:/My Drive/XABLAU/
[2025-12-11 12:03:35] 📁 Pastas detectadas para contagem: 7
[2025-12-11 12:03:35] 🔎 Iniciando contagem da pasta: 3.BRUNO (G:/My Drive/XABLAU/3.BRUNO)
[2025-12-11 12:03:35] 🔎 Iniciando contagem da pasta: 1.LEIANES (G:/My Drive/XABLAU/1.LEIANES)
[2025-12-11 12:03:35] 🔎 Iniciando contagem da pasta: 2.EROS (G:/My Drive/XABLAU/2.EROS)
[2025-12-11 12:03:35] 🔎 Iniciando contagem da pasta: 4.MAYA (G:/My Drive/XABLAU/4.MAYA)
[2025-12-11 12:03:35] 🔎 Iniciando contagem da pasta: 5.CUSH (G:/My Drive/XABLAU/5.CUSH)
[2025-12-11 12:03:35] 🔎 Iniciando contagem da pasta: 6.ELIS (G:/My Drive/XABLAU/6.ELIS)
[2025-12-11 12:03:35] ✅ Contagem concluída: 4.MAYA -> 0 páginas
[2025-12-11 12:03:35] ✅ Contagem concluída: 1.LEIANES -> 0 páginas
[2025-12-11 12:03:35] ✅ Contagem concluída: 2.EROS -> 0 páginas
[2025-12-11 12:03:35] ✅ Contagem concluída: 6.ELIS -> 0 páginas
[2025-12-11 12:03:36] ✅ Contagem concluída: 5.CUSH -> 1059 páginas
[2025-12-11 12:03:37] ✅ Contagem concluída: 3.BRUNO -> 1291 páginas
[2025-12-11 12:03:37] 🔎 Iniciando contagem da pasta VICTORIA: 7.VICTORIA/1.RENOMEANDO (G:/My Drive/XABLAU/7.VICTORIA\1.RENOMEANDO)
[2025-12-11 12:03:37] 🔎 Iniciando contagem da pasta VICTORIA: 7.VICTORIA/2.RENOMEADOS (G:/My Drive/XABLAU/7.VICTORIA\2.RENOMEADOS)
[2025-12-11 12:03:37] ✅ Contagem VICTORIA concluída: 7.VICTORIA/1.RENOMEANDO -> 0 páginas
[2025-12-11 12:03:37] ✅ Contagem VICTORIA concluída: 7.VICTORIA/2.RENOMEADOS -> 0 páginas
[2025-12-11 12:03:37] ✅ Mensagem liberada para envio: Message differs and cooldown passed
[2025-12-11 12:03:37] 📨 Destino WhatsApp: tipo=group alvo=XABLAU UPDATES
[2025-12-11 12:03:37] Enviando resultados para WhatsApp...
[2025-12-11 12:03:37] ℹ️ Tamanho da mensagem: 453 caracteres
[2025-12-11 12:03:49] Message sent successfully to WhatsApp!
[2025-12-11 12:03:49] ℹ️ Saída do envio: WhatsApp connected!
Sending message to group: XABLAU UPDATES (id: 120363421676358028@g.us)
Message sent successfully! msgId: true_120363421676358028@g.us_3EB04206E48D247258D623_174462209097938@lid chatId: 120363421676358028@g.us
Ack de entrega recebido (pelo menos chegou ao servidor).
